app/build/outputs/logs/manifest-merger-debug-report.txt
-- Merging decision tree log ---
manifest
ADDED from src\main\AndroidManifest.xml:2:1-39:12
	package
		ADDED from src\main\AndroidManifest.xml:3:2-48
		INJECTED from src\main\AndroidManifest.xml
		INJECTED from src\main\AndroidManifest.xml
	android:versionName
		ADDED from src\main\AndroidManifest.xml:4:2-27
		INJECTED from src\main\AndroidManifest.xml
		INJECTED from src\main\AndroidManifest.xml
	android:versionCode
		ADDED from src\main\AndroidManifest.xml:3:49-72
		INJECTED from src\main\AndroidManifest.xml
		INJECTED from src\main\AndroidManifest.xml
	xmlns:android
		ADDED from src\main\AndroidManifest.xml:2:11-69
supports-screens
ADDED from src\main\AndroidManifest.xml:6:2-11:33
	android:largeScreens
		ADDED from src\main\AndroidManifest.xml:7:5-32
	android:smallScreens
		ADDED from src\main\AndroidManifest.xml:9:5-32
	android:normalScreens
		ADDED from src\main\AndroidManifest.xml:8:5-33
	android:resizeable
		ADDED from src\main\AndroidManifest.xml:10:5-30
	android:anyDensity
		ADDED from src\main\AndroidManifest.xml:11:5-30
uses-permission#android.permission.VIBRATE
ADDED from src\main\AndroidManifest.xml:12:1-62
	android:name
		ADDED from src\main\AndroidManifest.xml:12:18-59
uses-permission#android.permission.ACCESS_COARSE_LOCATION
ADDED from src\main\AndroidManifest.xml:13:1-77
	android:name
		ADDED from src\main\AndroidManifest.xml:13:18-74
uses-permission#android.permission.ACCESS_FINE_LOCATION
ADDED from src\main\AndroidManifest.xml:14:1-75
	android:name
		ADDED from src\main\AndroidManifest.xml:14:18-72
uses-permission#android.permission.ACCESS_LOCATION_EXTRA_COMMANDS
ADDED from src\main\AndroidManifest.xml:15:1-85
	android:name
		ADDED from src\main\AndroidManifest.xml:15:18-82
uses-permission#android.permission.READ_PHONE_STATE
ADDED from src\main\AndroidManifest.xml:16:1-71
	android:name
		ADDED from src\main\AndroidManifest.xml:16:18-68
uses-permission#android.permission.INTERNET
ADDED from src\main\AndroidManifest.xml:17:1-63
	android:name
		ADDED from src\main\AndroidManifest.xml:17:18-60
uses-permission#android.permission.RECEIVE_SMS
ADDED from src\main\AndroidManifest.xml:18:1-66
	android:name
		ADDED from src\main\AndroidManifest.xml:18:18-63
uses-permission#android.permission.RECORD_AUDIO
ADDED from src\main\AndroidManifest.xml:19:1-67
	android:name
		ADDED from src\main\AndroidManifest.xml:19:18-64
uses-permission#android.permission.MODIFY_AUDIO_SETTINGS
ADDED from src\main\AndroidManifest.xml:20:1-76
	android:name
		ADDED from src\main\AndroidManifest.xml:20:18-73
uses-permission#android.permission.READ_CONTACTS
ADDED from src\main\AndroidManifest.xml:21:1-68
	android:name
		ADDED from src\main\AndroidManifest.xml:21:18-65
uses-permission#android.permission.WRITE_CONTACTS
ADDED from src\main\AndroidManifest.xml:22:1-69
	android:name
		ADDED from src\main\AndroidManifest.xml:22:18-66
uses-permission#android.permission.WRITE_EXTERNAL_STORAGE
ADDED from src\main\AndroidManifest.xml:23:1-77
	android:name
		ADDED from src\main\AndroidManifest.xml:23:18-74
uses-permission#android.permission.ACCESS_NETWORK_STATE
ADDED from src\main\AndroidManifest.xml:24:1-75
	android:name
		ADDED from src\main\AndroidManifest.xml:24:18-72
uses-permission#android.permission.GET_ACCOUNTS
ADDED from src\main\AndroidManifest.xml:25:1-67
	android:name
		ADDED from src\main\AndroidManifest.xml:25:18-64
uses-permission#android.permission.BROADCAST_STICKY
ADDED from src\main\AndroidManifest.xml:26:1-71
	android:name
		ADDED from src\main\AndroidManifest.xml:26:18-68
application
ADDED from src\main\AndroidManifest.xml:28:2-38:16
	android:label
		ADDED from src\main\AndroidManifest.xml:28:45-77
	android:icon
		ADDED from src\main\AndroidManifest.xml:28:15-44
activity#gupta22.smartmobilesofware.ocrapiservice.SampleActivity
ADDED from src\main\AndroidManifest.xml:30:3-36:14
	android:label
		ADDED from src\main\AndroidManifest.xml:31:4-36
	android:name
		ADDED from src\main\AndroidManifest.xml:30:13-83
intent-filter#android.intent.action.MAIN+android.intent.category.LAUNCHER
ADDED from src\main\AndroidManifest.xml:32:4-35:20
action#android.intent.action.MAIN
ADDED from src\main\AndroidManifest.xml:33:5-57
	android:name
		ADDED from src\main\AndroidManifest.xml:33:13-54
category#android.intent.category.LAUNCHER
ADDED from src\main\AndroidManifest.xml:34:5-65
	android:name
		ADDED from src\main\AndroidManifest.xml:34:15-62